C51 COMPILER V9.00   MAIN                                                                  10/25/2021 20:11:03 PAGE 1   


C51 COMPILER V9.00, COMPILATION OF MODULE MAIN
OBJECT MODULE PLACED IN main.OBJ
COMPILER INVOKED BY: D:\软件\Keil\C51\BIN\C51.EXE main.c BROWSE DEBUG OBJECTEXTEND

line level    source

   1          /*****************************
   2          *第四次培训作业-第二题参考代码
   3          *修改时间:      2021-10-25
   4          *******************************/
   5          #include <reg52.h>
   6          #include <intrins.h>
   7          
   8          #define         uint8           unsigned char
   9          #define         uint16          unsigned int
  10          
  11          /*按键引脚定义*/
  12          sbit k1 = P3^2;
  13          sbit k2 = P3^3;
  14          
  15          /*LED引脚定义*/
  16          #define LED P2
  17          
  18          /*全局变量定义*/
  19          bit isOn = 0;                   //LED灯亮灭控制
  20          uint8 pos = 0xfe;               //LED位置移位选择
  21          
  22          /*延时函数*/
  23          void Delay_ms(uint16 x)         //@11.0592MHz
  24          {
  25   1              uint8 i, j;
  26   1      
  27   1              while (x--)
  28   1              {
  29   2                      i = 2;
  30   2                      j = 199;
  31   2                      _nop_();
  32   2                      do
  33   2                      {
  34   3                              while (--j);
  35   3                      } while (--i);          
  36   2              }
  37   1      }
  38          
  39          /*外部中断0初始化函数*/
  40          void Int0Init()
  41          {
  42   1              IT0 = 1;                //跳变沿触发方式（下降沿）
  43   1              EX0 = 1;                //打开 INT0 的中断允许
  44   1              EA = 1;                 //打开总中断
  45   1      }
  46          
  47          /*外部中断1初始化函数*/
  48          void Int1Init()
  49          {
  50   1              IT1 = 1;                //跳变沿触发方式（下降沿）
  51   1              EX1 = 1;                //打开 INT1 的中断允许  
  52   1              EA = 1;                 //打开总中断    
  53   1      }
  54          
  55          /*主函数*/
C51 COMPILER V9.00   MAIN                                                                  10/25/2021 20:11:03 PAGE 2   

  56          void main()
  57          {
  58   1              Int0Init();
  59   1              Int1Init();
  60   1              LED = 0xff;     //LED全灭
  61   1      
  62   1              while(1)
  63   1              {
  64   2                      if (isOn)
  65   2                      {
  66   3                              LED = ~LED;                     //对P2所有引脚的LED进行取反操作
  67   3                              LED |= pos;                     //将除目标位置外的LED置1，确保其处于熄灭状态
  68   3                              Delay_ms(500);
  69   3                      }
  70   2              }
  71   1      }
  72          
  73          /*外部中断0处理函数，实现某位LED的闪烁控制*/
  74          void Int0()     interrupt 0
  75          {
  76   1              Delay_ms(5);     //延时消抖
  77   1              if(k1 == 0)
  78   1              {
  79   2                      isOn = ~isOn;
  80   2              }
  81   1      }
  82          
  83          /*外部中断1处理函数，实现LED的移位选择*/
  84          void Int1()     interrupt 2
  85          {
  86   1              Delay_ms(5);     //延时消抖
  87   1              if(k2 == 0 && isOn)                     //当LED处于暂停状态时用户并不能看到移位的效果，容易出错，故不合理
  88   1              {                                                       //此处直接添加限制，同学们可以适当发挥，合理即可
  89   2                      pos = ~pos;                             //考虑移位运算符，由于移位是补0操作，所以先进行取反
  90   2                      pos = pos << 1;
  91   2                      if (pos == 0x00)                //考虑1从最高位移出的情况
  92   2                      {
  93   3                              pos = 0x01;
  94   3                      }
  95   2                      pos = ~pos;
  96   2              }
  97   1      }


MODULE INFORMATION:   STATIC OVERLAYABLE
   CODE SIZE        =    162    ----
   CONSTANT SIZE    =   ----    ----
   XDATA SIZE       =   ----    ----
   PDATA SIZE       =   ----    ----
   DATA SIZE        =      1    ----
   IDATA SIZE       =   ----    ----
   BIT SIZE         =      1    ----
END OF MODULE INFORMATION.


C51 COMPILATION COMPLETE.  0 WARNING(S),  0 ERROR(S)
