C51 COMPILER V9.00   MAIN                                                                  10/31/2021 15:43:18 PAGE 1   


C51 COMPILER V9.00, COMPILATION OF MODULE MAIN
OBJECT MODULE PLACED IN main.OBJ
COMPILER INVOKED BY: D:\Èí¼þ\Keil\C51\BIN\C51.EXE main.c BROWSE DEBUG OBJECTEXTEND

line level    source

   1          #include <reg52.h>
   2          #include <intrins.h>
   3          
   4          #define LED P2
   5          
   6          #define uint8   unsigned char
   7          #define uint16  unsigned int
   8          
   9          bit isOn = 1;
  10          sbit k1 = P3^2;
  11          
  12          void Delay_ms(uint16 x)         //@11.0592MHz
  13          {
  14   1              uint8 i, j;
  15   1      
  16   1              while (x > 0)
  17   1              {
  18   2                      _nop_();
  19   2                      i = 2;
  20   2                      j = 199;
  21   2                      do        
  22   2                      {
  23   3                              while (--j);
  24   3                      } while (--i);
  25   2                      x = x -1;               
  26   2              }
  27   1      
  28   1      }
  29          
  30          void int0Init()
  31          {
  32   1              IT0 = 1;
  33   1              EX0 = 1;
  34   1              EA = 1;
  35   1      }
  36          
  37          void main()
  38          {
  39   1              int0Init();
  40   1              LED = 0xff;
  41   1      
  42   1              while (1)
  43   1              {
  44   2                      if (isOn == 1)
  45   2                      {
  46   3                              LED = ~LED;
  47   3                              Delay_ms(500);                  
  48   3                      }
  49   2              }
  50   1      }
  51          
  52          void int0() interrupt 0
  53          {
  54   1              Delay_ms(5);
  55   1              if (k1 == 0)
C51 COMPILER V9.00   MAIN                                                                  10/31/2021 15:43:18 PAGE 2   

  56   1              {
  57   2                      isOn = ~isOn;
  58   2              }
  59   1      }


MODULE INFORMATION:   STATIC OVERLAYABLE
   CODE SIZE        =     94    ----
   CONSTANT SIZE    =   ----    ----
   XDATA SIZE       =   ----    ----
   PDATA SIZE       =   ----    ----
   DATA SIZE        =   ----    ----
   IDATA SIZE       =   ----    ----
   BIT SIZE         =      1    ----
END OF MODULE INFORMATION.


C51 COMPILATION COMPLETE.  0 WARNING(S),  0 ERROR(S)
