C51 COMPILER V9.00   MAIN                                                                  10/30/2021 18:14:24 PAGE 1   


C51 COMPILER V9.00, COMPILATION OF MODULE MAIN
OBJECT MODULE PLACED IN main.OBJ
COMPILER INVOKED BY: D:\软件\Keil\C51\BIN\C51.EXE main.c BROWSE DEBUG OBJECTEXTEND

line level    source

   1          /*****************************
   2          *第四次培训-课堂例题
   3          *修改时间:      2021-10-25
   4          *******************************/
   5          #include <reg52.h>
   6          #include <intrins.h>
   7          
   8          #define         uint8           unsigned char
   9          #define         uint16          unsigned int
  10          
  11          /*按键引脚定义*/
  12          sbit k1 = P3^2;
  13          
  14          /*LED引脚定义*/
  15          #define LED P2
  16          
  17          /*全局变量定义*/
  18          bit isOn = 0;                   //LED灯亮灭控制
  19          
  20          /*延时函数*/
  21          void Delay_ms(uint16 x)         //@11.0592MHz
  22          {
  23   1              uint8 i, j;
  24   1      
  25   1              while (x--)
  26   1              {
  27   2                      i = 2;
  28   2                      j = 199;
  29   2                      _nop_();
  30   2                      do
  31   2                      {
  32   3                              while (--j);
  33   3                      } while (--i);          
  34   2              }
  35   1      }
  36          
  37          /*外部中断0初始化函数*/
  38          void Int0Init()
  39          {
  40   1              IT0 = 0;                //跳变沿触发方式（下降沿）
  41   1              EX0 = 1;                //打开 INT0 的中断允许
  42   1              EA = 1;                 //打开总中断
  43   1      }
  44          
  45          /*主函数*/
  46          void main()
  47          {
  48   1              Int0Init();
  49   1              LED = 0xff;     //LED全灭
  50   1              while(1)
  51   1              {
  52   2                      
  53   2              }
  54   1      }
  55          
C51 COMPILER V9.00   MAIN                                                                  10/30/2021 18:14:24 PAGE 2   

  56          ///*外部中断0处理函数，IT0 = 1*/
  57          //void Int0()   interrupt 0
  58          //{
  59          //      Delay_ms(5);     //延时消抖
  60          //      if(k1 == 0)
  61          //      {
  62          //              LED = ~LED;
  63          //      }
  64          //}
  65          
  66          /*外部中断0处理函数，IT0 = 0*/
  67          void Int0()     interrupt 0
  68          {
  69   1              Delay_ms(5);     //延时消抖
  70   1              if(k1 == 0)
  71   1              {
  72   2                      LED = ~LED;
  73   2              }
  74   1              while (!k1);
  75   1      }


MODULE INFORMATION:   STATIC OVERLAYABLE
   CODE SIZE        =     81    ----
   CONSTANT SIZE    =   ----    ----
   XDATA SIZE       =   ----    ----
   PDATA SIZE       =   ----    ----
   DATA SIZE        =   ----    ----
   IDATA SIZE       =   ----    ----
   BIT SIZE         =      1    ----
END OF MODULE INFORMATION.


C51 COMPILATION COMPLETE.  0 WARNING(S),  0 ERROR(S)
